<?xml version="1.0" encoding="UTF-8"?>
<!-- Generated by org.testng.reporters.JUnitReportReporter -->
<testsuite hostname="DESKTOP-2M7UMU4" failures="0" tests="1" name="Trail.DemoSeleniumTest" time="2.055" errors="0" timestamp="2025-03-14T10:29:59 IST" skipped="0">
  <testcase classname="Trail.DemoSeleniumTest" name="validateElementText" time="2.055"/>
</testsuite> <!-- Trail.DemoSeleniumTest -->
